<?xml version="1.0" encoding="UTF-8"?>
<testsuite xmlns:xsi="http://www.w3.org/2001/XMLSchema-instance" xsi:noNamespaceSchemaLocation="https://maven.apache.org/surefire/maven-surefire-plugin/xsd/surefire-test-report-3.0.xsd" version="3.0" name="org.example.SpringbootDemoTests" time="5.609" tests="5" errors="0" skipped="0" failures="0">
  <properties>
    <property name="java.specification.version" value="17"/>
    <property name="sun.jnu.encoding" value="UTF-8"/>
    <property name="java.class.path" value="/Users/josesaidolanogarcia/REPOSITORIOS/SpringBoot_RestAssured_JUnit4_Demo/target/test-classes:/Users/josesaidolanogarcia/REPOSITORIOS/SpringBoot_RestAssured_JUnit4_Demo/target/classes:/Users/josesaidolanogarcia/.m2/repository/org/springframework/boot/spring-boot-starter/3.2.3/spring-boot-starter-3.2.3.jar:/Users/josesaidolanogarcia/.m2/repository/org/springframework/boot/spring-boot/3.2.3/spring-boot-3.2.3.jar:/Users/josesaidolanogarcia/.m2/repository/org/springframework/spring-context/6.1.4/spring-context-6.1.4.jar:/Users/josesaidolanogarcia/.m2/repository/org/springframework/boot/spring-boot-autoconfigure/3.2.3/spring-boot-autoconfigure-3.2.3.jar:/Users/josesaidolanogarcia/.m2/repository/org/springframework/boot/spring-boot-starter-logging/3.2.3/spring-boot-starter-logging-3.2.3.jar:/Users/josesaidolanogarcia/.m2/repository/ch/qos/logback/logback-classic/1.4.14/logback-classic-1.4.14.jar:/Users/josesaidolanogarcia/.m2/repository/ch/qos/logback/logback-core/1.4.14/logback-core-1.4.14.jar:/Users/josesaidolanogarcia/.m2/repository/org/apache/logging/log4j/log4j-to-slf4j/2.21.1/log4j-to-slf4j-2.21.1.jar:/Users/josesaidolanogarcia/.m2/repository/org/apache/logging/log4j/log4j-api/2.21.1/log4j-api-2.21.1.jar:/Users/josesaidolanogarcia/.m2/repository/org/slf4j/jul-to-slf4j/2.0.12/jul-to-slf4j-2.0.12.jar:/Users/josesaidolanogarcia/.m2/repository/jakarta/annotation/jakarta.annotation-api/2.1.1/jakarta.annotation-api-2.1.1.jar:/Users/josesaidolanogarcia/.m2/repository/org/springframework/spring-core/6.1.4/spring-core-6.1.4.jar:/Users/josesaidolanogarcia/.m2/repository/org/springframework/spring-jcl/6.1.4/spring-jcl-6.1.4.jar:/Users/josesaidolanogarcia/.m2/repository/org/yaml/snakeyaml/2.2/snakeyaml-2.2.jar:/Users/josesaidolanogarcia/.m2/repository/org/springframework/boot/spring-boot-starter-test/3.2.3/spring-boot-starter-test-3.2.3.jar:/Users/josesaidolanogarcia/.m2/repository/org/springframework/boot/spring-boot-test/3.2.3/spring-boot-test-3.2.3.jar:/Users/josesaidolanogarcia/.m2/repository/org/springframework/boot/spring-boot-test-autoconfigure/3.2.3/spring-boot-test-autoconfigure-3.2.3.jar:/Users/josesaidolanogarcia/.m2/repository/com/jayway/jsonpath/json-path/2.9.0/json-path-2.9.0.jar:/Users/josesaidolanogarcia/.m2/repository/org/slf4j/slf4j-api/2.0.12/slf4j-api-2.0.12.jar:/Users/josesaidolanogarcia/.m2/repository/jakarta/xml/bind/jakarta.xml.bind-api/4.0.1/jakarta.xml.bind-api-4.0.1.jar:/Users/josesaidolanogarcia/.m2/repository/jakarta/activation/jakarta.activation-api/2.1.2/jakarta.activation-api-2.1.2.jar:/Users/josesaidolanogarcia/.m2/repository/net/minidev/json-smart/2.5.0/json-smart-2.5.0.jar:/Users/josesaidolanogarcia/.m2/repository/net/minidev/accessors-smart/2.5.0/accessors-smart-2.5.0.jar:/Users/josesaidolanogarcia/.m2/repository/org/ow2/asm/asm/9.3/asm-9.3.jar:/Users/josesaidolanogarcia/.m2/repository/org/assertj/assertj-core/3.24.2/assertj-core-3.24.2.jar:/Users/josesaidolanogarcia/.m2/repository/net/bytebuddy/byte-buddy/1.14.12/byte-buddy-1.14.12.jar:/Users/josesaidolanogarcia/.m2/repository/org/awaitility/awaitility/4.2.0/awaitility-4.2.0.jar:/Users/josesaidolanogarcia/.m2/repository/org/hamcrest/hamcrest/2.2/hamcrest-2.2.jar:/Users/josesaidolanogarcia/.m2/repository/org/junit/jupiter/junit-jupiter/5.10.2/junit-jupiter-5.10.2.jar:/Users/josesaidolanogarcia/.m2/repository/org/junit/jupiter/junit-jupiter-api/5.10.2/junit-jupiter-api-5.10.2.jar:/Users/josesaidolanogarcia/.m2/repository/org/junit/jupiter/junit-jupiter-params/5.10.2/junit-jupiter-params-5.10.2.jar:/Users/josesaidolanogarcia/.m2/repository/org/junit/jupiter/junit-jupiter-engine/5.10.2/junit-jupiter-engine-5.10.2.jar:/Users/josesaidolanogarcia/.m2/repository/org/mockito/mockito-core/5.7.0/mockito-core-5.7.0.jar:/Users/josesaidolanogarcia/.m2/repository/net/bytebuddy/byte-buddy-agent/1.14.12/byte-buddy-agent-1.14.12.jar:/Users/josesaidolanogarcia/.m2/repository/org/objenesis/objenesis/3.3/objenesis-3.3.jar:/Users/josesaidolanogarcia/.m2/repository/org/mockito/mockito-junit-jupiter/5.7.0/mockito-junit-jupiter-5.7.0.jar:/Users/josesaidolanogarcia/.m2/repository/org/skyscreamer/jsonassert/1.5.1/jsonassert-1.5.1.jar:/Users/josesaidolanogarcia/.m2/repository/com/vaadin/external/google/android-json/0.0.20131108.vaadin1/android-json-0.0.20131108.vaadin1.jar:/Users/josesaidolanogarcia/.m2/repository/org/springframework/spring-test/6.1.4/spring-test-6.1.4.jar:/Users/josesaidolanogarcia/.m2/repository/org/xmlunit/xmlunit-core/2.9.1/xmlunit-core-2.9.1.jar:/Users/josesaidolanogarcia/.m2/repository/org/springframework/boot/spring-boot-starter-data-jpa/3.2.3/spring-boot-starter-data-jpa-3.2.3.jar:/Users/josesaidolanogarcia/.m2/repository/org/springframework/boot/spring-boot-starter-aop/3.2.3/spring-boot-starter-aop-3.2.3.jar:/Users/josesaidolanogarcia/.m2/repository/org/springframework/spring-aop/6.1.4/spring-aop-6.1.4.jar:/Users/josesaidolanogarcia/.m2/repository/org/aspectj/aspectjweaver/1.9.21/aspectjweaver-1.9.21.jar:/Users/josesaidolanogarcia/.m2/repository/org/springframework/boot/spring-boot-starter-jdbc/3.2.3/spring-boot-starter-jdbc-3.2.3.jar:/Users/josesaidolanogarcia/.m2/repository/com/zaxxer/HikariCP/5.0.1/HikariCP-5.0.1.jar:/Users/josesaidolanogarcia/.m2/repository/org/springframework/spring-jdbc/6.1.4/spring-jdbc-6.1.4.jar:/Users/josesaidolanogarcia/.m2/repository/org/hibernate/orm/hibernate-core/6.4.4.Final/hibernate-core-6.4.4.Final.jar:/Users/josesaidolanogarcia/.m2/repository/jakarta/persistence/jakarta.persistence-api/3.1.0/jakarta.persistence-api-3.1.0.jar:/Users/josesaidolanogarcia/.m2/repository/jakarta/transaction/jakarta.transaction-api/2.0.1/jakarta.transaction-api-2.0.1.jar:/Users/josesaidolanogarcia/.m2/repository/org/jboss/logging/jboss-logging/3.5.3.Final/jboss-logging-3.5.3.Final.jar:/Users/josesaidolanogarcia/.m2/repository/org/hibernate/common/hibernate-commons-annotations/6.0.6.Final/hibernate-commons-annotations-6.0.6.Final.jar:/Users/josesaidolanogarcia/.m2/repository/io/smallrye/jandex/3.1.2/jandex-3.1.2.jar:/Users/josesaidolanogarcia/.m2/repository/com/fasterxml/classmate/1.6.0/classmate-1.6.0.jar:/Users/josesaidolanogarcia/.m2/repository/org/glassfish/jaxb/jaxb-runtime/4.0.4/jaxb-runtime-4.0.4.jar:/Users/josesaidolanogarcia/.m2/repository/org/glassfish/jaxb/jaxb-core/4.0.4/jaxb-core-4.0.4.jar:/Users/josesaidolanogarcia/.m2/repository/org/eclipse/angus/angus-activation/2.0.1/angus-activation-2.0.1.jar:/Users/josesaidolanogarcia/.m2/repository/org/glassfish/jaxb/txw2/4.0.4/txw2-4.0.4.jar:/Users/josesaidolanogarcia/.m2/repository/com/sun/istack/istack-commons-runtime/4.1.2/istack-commons-runtime-4.1.2.jar:/Users/josesaidolanogarcia/.m2/repository/jakarta/inject/jakarta.inject-api/2.0.1/jakarta.inject-api-2.0.1.jar:/Users/josesaidolanogarcia/.m2/repository/org/antlr/antlr4-runtime/4.13.0/antlr4-runtime-4.13.0.jar:/Users/josesaidolanogarcia/.m2/repository/org/springframework/data/spring-data-jpa/3.2.3/spring-data-jpa-3.2.3.jar:/Users/josesaidolanogarcia/.m2/repository/org/springframework/data/spring-data-commons/3.2.3/spring-data-commons-3.2.3.jar:/Users/josesaidolanogarcia/.m2/repository/org/springframework/spring-orm/6.1.4/spring-orm-6.1.4.jar:/Users/josesaidolanogarcia/.m2/repository/org/springframework/spring-tx/6.1.4/spring-tx-6.1.4.jar:/Users/josesaidolanogarcia/.m2/repository/org/springframework/spring-beans/6.1.4/spring-beans-6.1.4.jar:/Users/josesaidolanogarcia/.m2/repository/org/springframework/spring-aspects/6.1.4/spring-aspects-6.1.4.jar:/Users/josesaidolanogarcia/.m2/repository/org/springframework/boot/spring-boot-starter-web/3.2.3/spring-boot-starter-web-3.2.3.jar:/Users/josesaidolanogarcia/.m2/repository/org/springframework/boot/spring-boot-starter-json/3.2.3/spring-boot-starter-json-3.2.3.jar:/Users/josesaidolanogarcia/.m2/repository/com/fasterxml/jackson/core/jackson-databind/2.15.4/jackson-databind-2.15.4.jar:/Users/josesaidolanogarcia/.m2/repository/com/fasterxml/jackson/core/jackson-annotations/2.15.4/jackson-annotations-2.15.4.jar:/Users/josesaidolanogarcia/.m2/repository/com/fasterxml/jackson/core/jackson-core/2.15.4/jackson-core-2.15.4.jar:/Users/josesaidolanogarcia/.m2/repository/com/fasterxml/jackson/datatype/jackson-datatype-jdk8/2.15.4/jackson-datatype-jdk8-2.15.4.jar:/Users/josesaidolanogarcia/.m2/repository/com/fasterxml/jackson/datatype/jackson-datatype-jsr310/2.15.4/jackson-datatype-jsr310-2.15.4.jar:/Users/josesaidolanogarcia/.m2/repository/com/fasterxml/jackson/module/jackson-module-parameter-names/2.15.4/jackson-module-parameter-names-2.15.4.jar:/Users/josesaidolanogarcia/.m2/repository/org/springframework/boot/spring-boot-starter-tomcat/3.2.3/spring-boot-starter-tomcat-3.2.3.jar:/Users/josesaidolanogarcia/.m2/repository/org/apache/tomcat/embed/tomcat-embed-core/10.1.19/tomcat-embed-core-10.1.19.jar:/Users/josesaidolanogarcia/.m2/repository/org/apache/tomcat/embed/tomcat-embed-websocket/10.1.19/tomcat-embed-websocket-10.1.19.jar:/Users/josesaidolanogarcia/.m2/repository/org/springframework/spring-web/6.1.4/spring-web-6.1.4.jar:/Users/josesaidolanogarcia/.m2/repository/io/micrometer/micrometer-observation/1.12.3/micrometer-observation-1.12.3.jar:/Users/josesaidolanogarcia/.m2/repository/io/micrometer/micrometer-commons/1.12.3/micrometer-commons-1.12.3.jar:/Users/josesaidolanogarcia/.m2/repository/org/springframework/spring-webmvc/6.1.4/spring-webmvc-6.1.4.jar:/Users/josesaidolanogarcia/.m2/repository/org/springframework/spring-expression/6.1.4/spring-expression-6.1.4.jar:/Users/josesaidolanogarcia/.m2/repository/org/springframework/boot/spring-boot-starter-hateoas/3.2.3/spring-boot-starter-hateoas-3.2.3.jar:/Users/josesaidolanogarcia/.m2/repository/org/springframework/hateoas/spring-hateoas/2.2.0/spring-hateoas-2.2.0.jar:/Users/josesaidolanogarcia/.m2/repository/org/springframework/plugin/spring-plugin-core/3.0.0/spring-plugin-core-3.0.0.jar:/Users/josesaidolanogarcia/.m2/repository/org/springframework/boot/spring-boot-starter-validation/3.2.3/spring-boot-starter-validation-3.2.3.jar:/Users/josesaidolanogarcia/.m2/repository/org/apache/tomcat/embed/tomcat-embed-el/10.1.19/tomcat-embed-el-10.1.19.jar:/Users/josesaidolanogarcia/.m2/repository/org/hibernate/validator/hibernate-validator/8.0.1.Final/hibernate-validator-8.0.1.Final.jar:/Users/josesaidolanogarcia/.m2/repository/jakarta/validation/jakarta.validation-api/3.0.2/jakarta.validation-api-3.0.2.jar:/Users/josesaidolanogarcia/.m2/repository/org/springframework/boot/spring-boot-devtools/3.2.3/spring-boot-devtools-3.2.3.jar:/Users/josesaidolanogarcia/.m2/repository/com/h2database/h2/2.2.224/h2-2.2.224.jar:/Users/josesaidolanogarcia/.m2/repository/junit/junit/4.13.2/junit-4.13.2.jar:/Users/josesaidolanogarcia/.m2/repository/org/hamcrest/hamcrest-core/2.2/hamcrest-core-2.2.jar:/Users/josesaidolanogarcia/.m2/repository/io/rest-assured/rest-assured/5.3.2/rest-assured-5.3.2.jar:/Users/josesaidolanogarcia/.m2/repository/org/apache/groovy/groovy/4.0.18/groovy-4.0.18.jar:/Users/josesaidolanogarcia/.m2/repository/org/apache/groovy/groovy-xml/4.0.18/groovy-xml-4.0.18.jar:/Users/josesaidolanogarcia/.m2/repository/org/apache/httpcomponents/httpclient/4.5.13/httpclient-4.5.13.jar:/Users/josesaidolanogarcia/.m2/repository/org/apache/httpcomponents/httpcore/4.4.16/httpcore-4.4.16.jar:/Users/josesaidolanogarcia/.m2/repository/commons-logging/commons-logging/1.2/commons-logging-1.2.jar:/Users/josesaidolanogarcia/.m2/repository/commons-codec/commons-codec/1.16.1/commons-codec-1.16.1.jar:/Users/josesaidolanogarcia/.m2/repository/org/apache/httpcomponents/httpmime/4.5.13/httpmime-4.5.13.jar:/Users/josesaidolanogarcia/.m2/repository/org/ccil/cowan/tagsoup/tagsoup/1.2.1/tagsoup-1.2.1.jar:/Users/josesaidolanogarcia/.m2/repository/io/rest-assured/json-path/5.3.2/json-path-5.3.2.jar:/Users/josesaidolanogarcia/.m2/repository/org/apache/groovy/groovy-json/4.0.18/groovy-json-4.0.18.jar:/Users/josesaidolanogarcia/.m2/repository/io/rest-assured/rest-assured-common/5.3.2/rest-assured-common-5.3.2.jar:/Users/josesaidolanogarcia/.m2/repository/io/rest-assured/xml-path/5.3.2/xml-path-5.3.2.jar:/Users/josesaidolanogarcia/.m2/repository/org/apache/commons/commons-lang3/3.13.0/commons-lang3-3.13.0.jar:/Users/josesaidolanogarcia/.m2/repository/org/junit/vintage/junit-vintage-engine/5.10.2/junit-vintage-engine-5.10.2.jar:/Users/josesaidolanogarcia/.m2/repository/org/junit/platform/junit-platform-engine/1.10.2/junit-platform-engine-1.10.2.jar:/Users/josesaidolanogarcia/.m2/repository/org/opentest4j/opentest4j/1.3.0/opentest4j-1.3.0.jar:/Users/josesaidolanogarcia/.m2/repository/org/junit/platform/junit-platform-commons/1.10.2/junit-platform-commons-1.10.2.jar:/Users/josesaidolanogarcia/.m2/repository/org/apiguardian/apiguardian-api/1.1.2/apiguardian-api-1.1.2.jar:"/>
    <property name="java.vm.vendor" value="Oracle Corporation"/>
    <property name="sun.arch.data.model" value="64"/>
    <property name="catalina.useNaming" value="false"/>
    <property name="java.vendor.url" value="https://java.oracle.com/"/>
    <property name="user.timezone" value="America/Mexico_City"/>
    <property name="org.jboss.logging.provider" value="slf4j"/>
    <property name="os.name" value="Mac OS X"/>
    <property name="java.vm.specification.version" value="17"/>
    <property name="sun.java.launcher" value="SUN_STANDARD"/>
    <property name="user.country" value="MX"/>
    <property name="sun.boot.library.path" value="/Library/Java/JavaVirtualMachines/jdk-17.jdk/Contents/Home/lib"/>
    <property name="sun.java.command" value="/Users/josesaidolanogarcia/REPOSITORIOS/SpringBoot_RestAssured_JUnit4_Demo/target/surefire/surefirebooter-20240823232547173_3.jar /Users/josesaidolanogarcia/REPOSITORIOS/SpringBoot_RestAssured_JUnit4_Demo/target/surefire 2024-08-23T23-25-46_294-jvmRun1 surefire-20240823232547173_1tmp surefire_0-20240823232547173_2tmp"/>
    <property name="http.nonProxyHosts" value="local|*.local|169.254/16|*.169.254/16"/>
    <property name="jdk.debug" value="release"/>
    <property name="surefire.test.class.path" value="/Users/josesaidolanogarcia/REPOSITORIOS/SpringBoot_RestAssured_JUnit4_Demo/target/test-classes:/Users/josesaidolanogarcia/REPOSITORIOS/SpringBoot_RestAssured_JUnit4_Demo/target/classes:/Users/josesaidolanogarcia/.m2/repository/org/springframework/boot/spring-boot-starter/3.2.3/spring-boot-starter-3.2.3.jar:/Users/josesaidolanogarcia/.m2/repository/org/springframework/boot/spring-boot/3.2.3/spring-boot-3.2.3.jar:/Users/josesaidolanogarcia/.m2/repository/org/springframework/spring-context/6.1.4/spring-context-6.1.4.jar:/Users/josesaidolanogarcia/.m2/repository/org/springframework/boot/spring-boot-autoconfigure/3.2.3/spring-boot-autoconfigure-3.2.3.jar:/Users/josesaidolanogarcia/.m2/repository/org/springframework/boot/spring-boot-starter-logging/3.2.3/spring-boot-starter-logging-3.2.3.jar:/Users/josesaidolanogarcia/.m2/repository/ch/qos/logback/logback-classic/1.4.14/logback-classic-1.4.14.jar:/Users/josesaidolanogarcia/.m2/repository/ch/qos/logback/logback-core/1.4.14/logback-core-1.4.14.jar:/Users/josesaidolanogarcia/.m2/repository/org/apache/logging/log4j/log4j-to-slf4j/2.21.1/log4j-to-slf4j-2.21.1.jar:/Users/josesaidolanogarcia/.m2/repository/org/apache/logging/log4j/log4j-api/2.21.1/log4j-api-2.21.1.jar:/Users/josesaidolanogarcia/.m2/repository/org/slf4j/jul-to-slf4j/2.0.12/jul-to-slf4j-2.0.12.jar:/Users/josesaidolanogarcia/.m2/repository/jakarta/annotation/jakarta.annotation-api/2.1.1/jakarta.annotation-api-2.1.1.jar:/Users/josesaidolanogarcia/.m2/repository/org/springframework/spring-core/6.1.4/spring-core-6.1.4.jar:/Users/josesaidolanogarcia/.m2/repository/org/springframework/spring-jcl/6.1.4/spring-jcl-6.1.4.jar:/Users/josesaidolanogarcia/.m2/repository/org/yaml/snakeyaml/2.2/snakeyaml-2.2.jar:/Users/josesaidolanogarcia/.m2/repository/org/springframework/boot/spring-boot-starter-test/3.2.3/spring-boot-starter-test-3.2.3.jar:/Users/josesaidolanogarcia/.m2/repository/org/springframework/boot/spring-boot-test/3.2.3/spring-boot-test-3.2.3.jar:/Users/josesaidolanogarcia/.m2/repository/org/springframework/boot/spring-boot-test-autoconfigure/3.2.3/spring-boot-test-autoconfigure-3.2.3.jar:/Users/josesaidolanogarcia/.m2/repository/com/jayway/jsonpath/json-path/2.9.0/json-path-2.9.0.jar:/Users/josesaidolanogarcia/.m2/repository/org/slf4j/slf4j-api/2.0.12/slf4j-api-2.0.12.jar:/Users/josesaidolanogarcia/.m2/repository/jakarta/xml/bind/jakarta.xml.bind-api/4.0.1/jakarta.xml.bind-api-4.0.1.jar:/Users/josesaidolanogarcia/.m2/repository/jakarta/activation/jakarta.activation-api/2.1.2/jakarta.activation-api-2.1.2.jar:/Users/josesaidolanogarcia/.m2/repository/net/minidev/json-smart/2.5.0/json-smart-2.5.0.jar:/Users/josesaidolanogarcia/.m2/repository/net/minidev/accessors-smart/2.5.0/accessors-smart-2.5.0.jar:/Users/josesaidolanogarcia/.m2/repository/org/ow2/asm/asm/9.3/asm-9.3.jar:/Users/josesaidolanogarcia/.m2/repository/org/assertj/assertj-core/3.24.2/assertj-core-3.24.2.jar:/Users/josesaidolanogarcia/.m2/repository/net/bytebuddy/byte-buddy/1.14.12/byte-buddy-1.14.12.jar:/Users/josesaidolanogarcia/.m2/repository/org/awaitility/awaitility/4.2.0/awaitility-4.2.0.jar:/Users/josesaidolanogarcia/.m2/repository/org/hamcrest/hamcrest/2.2/hamcrest-2.2.jar:/Users/josesaidolanogarcia/.m2/repository/org/junit/jupiter/junit-jupiter/5.10.2/junit-jupiter-5.10.2.jar:/Users/josesaidolanogarcia/.m2/repository/org/junit/jupiter/junit-jupiter-api/5.10.2/junit-jupiter-api-5.10.2.jar:/Users/josesaidolanogarcia/.m2/repository/org/junit/jupiter/junit-jupiter-params/5.10.2/junit-jupiter-params-5.10.2.jar:/Users/josesaidolanogarcia/.m2/repository/org/junit/jupiter/junit-jupiter-engine/5.10.2/junit-jupiter-engine-5.10.2.jar:/Users/josesaidolanogarcia/.m2/repository/org/mockito/mockito-core/5.7.0/mockito-core-5.7.0.jar:/Users/josesaidolanogarcia/.m2/repository/net/bytebuddy/byte-buddy-agent/1.14.12/byte-buddy-agent-1.14.12.jar:/Users/josesaidolanogarcia/.m2/repository/org/objenesis/objenesis/3.3/objenesis-3.3.jar:/Users/josesaidolanogarcia/.m2/repository/org/mockito/mockito-junit-jupiter/5.7.0/mockito-junit-jupiter-5.7.0.jar:/Users/josesaidolanogarcia/.m2/repository/org/skyscreamer/jsonassert/1.5.1/jsonassert-1.5.1.jar:/Users/josesaidolanogarcia/.m2/repository/com/vaadin/external/google/android-json/0.0.20131108.vaadin1/android-json-0.0.20131108.vaadin1.jar:/Users/josesaidolanogarcia/.m2/repository/org/springframework/spring-test/6.1.4/spring-test-6.1.4.jar:/Users/josesaidolanogarcia/.m2/repository/org/xmlunit/xmlunit-core/2.9.1/xmlunit-core-2.9.1.jar:/Users/josesaidolanogarcia/.m2/repository/org/springframework/boot/spring-boot-starter-data-jpa/3.2.3/spring-boot-starter-data-jpa-3.2.3.jar:/Users/josesaidolanogarcia/.m2/repository/org/springframework/boot/spring-boot-starter-aop/3.2.3/spring-boot-starter-aop-3.2.3.jar:/Users/josesaidolanogarcia/.m2/repository/org/springframework/spring-aop/6.1.4/spring-aop-6.1.4.jar:/Users/josesaidolanogarcia/.m2/repository/org/aspectj/aspectjweaver/1.9.21/aspectjweaver-1.9.21.jar:/Users/josesaidolanogarcia/.m2/repository/org/springframework/boot/spring-boot-starter-jdbc/3.2.3/spring-boot-starter-jdbc-3.2.3.jar:/Users/josesaidolanogarcia/.m2/repository/com/zaxxer/HikariCP/5.0.1/HikariCP-5.0.1.jar:/Users/josesaidolanogarcia/.m2/repository/org/springframework/spring-jdbc/6.1.4/spring-jdbc-6.1.4.jar:/Users/josesaidolanogarcia/.m2/repository/org/hibernate/orm/hibernate-core/6.4.4.Final/hibernate-core-6.4.4.Final.jar:/Users/josesaidolanogarcia/.m2/repository/jakarta/persistence/jakarta.persistence-api/3.1.0/jakarta.persistence-api-3.1.0.jar:/Users/josesaidolanogarcia/.m2/repository/jakarta/transaction/jakarta.transaction-api/2.0.1/jakarta.transaction-api-2.0.1.jar:/Users/josesaidolanogarcia/.m2/repository/org/jboss/logging/jboss-logging/3.5.3.Final/jboss-logging-3.5.3.Final.jar:/Users/josesaidolanogarcia/.m2/repository/org/hibernate/common/hibernate-commons-annotations/6.0.6.Final/hibernate-commons-annotations-6.0.6.Final.jar:/Users/josesaidolanogarcia/.m2/repository/io/smallrye/jandex/3.1.2/jandex-3.1.2.jar:/Users/josesaidolanogarcia/.m2/repository/com/fasterxml/classmate/1.6.0/classmate-1.6.0.jar:/Users/josesaidolanogarcia/.m2/repository/org/glassfish/jaxb/jaxb-runtime/4.0.4/jaxb-runtime-4.0.4.jar:/Users/josesaidolanogarcia/.m2/repository/org/glassfish/jaxb/jaxb-core/4.0.4/jaxb-core-4.0.4.jar:/Users/josesaidolanogarcia/.m2/repository/org/eclipse/angus/angus-activation/2.0.1/angus-activation-2.0.1.jar:/Users/josesaidolanogarcia/.m2/repository/org/glassfish/jaxb/txw2/4.0.4/txw2-4.0.4.jar:/Users/josesaidolanogarcia/.m2/repository/com/sun/istack/istack-commons-runtime/4.1.2/istack-commons-runtime-4.1.2.jar:/Users/josesaidolanogarcia/.m2/repository/jakarta/inject/jakarta.inject-api/2.0.1/jakarta.inject-api-2.0.1.jar:/Users/josesaidolanogarcia/.m2/repository/org/antlr/antlr4-runtime/4.13.0/antlr4-runtime-4.13.0.jar:/Users/josesaidolanogarcia/.m2/repository/org/springframework/data/spring-data-jpa/3.2.3/spring-data-jpa-3.2.3.jar:/Users/josesaidolanogarcia/.m2/repository/org/springframework/data/spring-data-commons/3.2.3/spring-data-commons-3.2.3.jar:/Users/josesaidolanogarcia/.m2/repository/org/springframework/spring-orm/6.1.4/spring-orm-6.1.4.jar:/Users/josesaidolanogarcia/.m2/repository/org/springframework/spring-tx/6.1.4/spring-tx-6.1.4.jar:/Users/josesaidolanogarcia/.m2/repository/org/springframework/spring-beans/6.1.4/spring-beans-6.1.4.jar:/Users/josesaidolanogarcia/.m2/repository/org/springframework/spring-aspects/6.1.4/spring-aspects-6.1.4.jar:/Users/josesaidolanogarcia/.m2/repository/org/springframework/boot/spring-boot-starter-web/3.2.3/spring-boot-starter-web-3.2.3.jar:/Users/josesaidolanogarcia/.m2/repository/org/springframework/boot/spring-boot-starter-json/3.2.3/spring-boot-starter-json-3.2.3.jar:/Users/josesaidolanogarcia/.m2/repository/com/fasterxml/jackson/core/jackson-databind/2.15.4/jackson-databind-2.15.4.jar:/Users/josesaidolanogarcia/.m2/repository/com/fasterxml/jackson/core/jackson-annotations/2.15.4/jackson-annotations-2.15.4.jar:/Users/josesaidolanogarcia/.m2/repository/com/fasterxml/jackson/core/jackson-core/2.15.4/jackson-core-2.15.4.jar:/Users/josesaidolanogarcia/.m2/repository/com/fasterxml/jackson/datatype/jackson-datatype-jdk8/2.15.4/jackson-datatype-jdk8-2.15.4.jar:/Users/josesaidolanogarcia/.m2/repository/com/fasterxml/jackson/datatype/jackson-datatype-jsr310/2.15.4/jackson-datatype-jsr310-2.15.4.jar:/Users/josesaidolanogarcia/.m2/repository/com/fasterxml/jackson/module/jackson-module-parameter-names/2.15.4/jackson-module-parameter-names-2.15.4.jar:/Users/josesaidolanogarcia/.m2/repository/org/springframework/boot/spring-boot-starter-tomcat/3.2.3/spring-boot-starter-tomcat-3.2.3.jar:/Users/josesaidolanogarcia/.m2/repository/org/apache/tomcat/embed/tomcat-embed-core/10.1.19/tomcat-embed-core-10.1.19.jar:/Users/josesaidolanogarcia/.m2/repository/org/apache/tomcat/embed/tomcat-embed-websocket/10.1.19/tomcat-embed-websocket-10.1.19.jar:/Users/josesaidolanogarcia/.m2/repository/org/springframework/spring-web/6.1.4/spring-web-6.1.4.jar:/Users/josesaidolanogarcia/.m2/repository/io/micrometer/micrometer-observation/1.12.3/micrometer-observation-1.12.3.jar:/Users/josesaidolanogarcia/.m2/repository/io/micrometer/micrometer-commons/1.12.3/micrometer-commons-1.12.3.jar:/Users/josesaidolanogarcia/.m2/repository/org/springframework/spring-webmvc/6.1.4/spring-webmvc-6.1.4.jar:/Users/josesaidolanogarcia/.m2/repository/org/springframework/spring-expression/6.1.4/spring-expression-6.1.4.jar:/Users/josesaidolanogarcia/.m2/repository/org/springframework/boot/spring-boot-starter-hateoas/3.2.3/spring-boot-starter-hateoas-3.2.3.jar:/Users/josesaidolanogarcia/.m2/repository/org/springframework/hateoas/spring-hateoas/2.2.0/spring-hateoas-2.2.0.jar:/Users/josesaidolanogarcia/.m2/repository/org/springframework/plugin/spring-plugin-core/3.0.0/spring-plugin-core-3.0.0.jar:/Users/josesaidolanogarcia/.m2/repository/org/springframework/boot/spring-boot-starter-validation/3.2.3/spring-boot-starter-validation-3.2.3.jar:/Users/josesaidolanogarcia/.m2/repository/org/apache/tomcat/embed/tomcat-embed-el/10.1.19/tomcat-embed-el-10.1.19.jar:/Users/josesaidolanogarcia/.m2/repository/org/hibernate/validator/hibernate-validator/8.0.1.Final/hibernate-validator-8.0.1.Final.jar:/Users/josesaidolanogarcia/.m2/repository/jakarta/validation/jakarta.validation-api/3.0.2/jakarta.validation-api-3.0.2.jar:/Users/josesaidolanogarcia/.m2/repository/org/springframework/boot/spring-boot-devtools/3.2.3/spring-boot-devtools-3.2.3.jar:/Users/josesaidolanogarcia/.m2/repository/com/h2database/h2/2.2.224/h2-2.2.224.jar:/Users/josesaidolanogarcia/.m2/repository/junit/junit/4.13.2/junit-4.13.2.jar:/Users/josesaidolanogarcia/.m2/repository/org/hamcrest/hamcrest-core/2.2/hamcrest-core-2.2.jar:/Users/josesaidolanogarcia/.m2/repository/io/rest-assured/rest-assured/5.3.2/rest-assured-5.3.2.jar:/Users/josesaidolanogarcia/.m2/repository/org/apache/groovy/groovy/4.0.18/groovy-4.0.18.jar:/Users/josesaidolanogarcia/.m2/repository/org/apache/groovy/groovy-xml/4.0.18/groovy-xml-4.0.18.jar:/Users/josesaidolanogarcia/.m2/repository/org/apache/httpcomponents/httpclient/4.5.13/httpclient-4.5.13.jar:/Users/josesaidolanogarcia/.m2/repository/org/apache/httpcomponents/httpcore/4.4.16/httpcore-4.4.16.jar:/Users/josesaidolanogarcia/.m2/repository/commons-logging/commons-logging/1.2/commons-logging-1.2.jar:/Users/josesaidolanogarcia/.m2/repository/commons-codec/commons-codec/1.16.1/commons-codec-1.16.1.jar:/Users/josesaidolanogarcia/.m2/repository/org/apache/httpcomponents/httpmime/4.5.13/httpmime-4.5.13.jar:/Users/josesaidolanogarcia/.m2/repository/org/ccil/cowan/tagsoup/tagsoup/1.2.1/tagsoup-1.2.1.jar:/Users/josesaidolanogarcia/.m2/repository/io/rest-assured/json-path/5.3.2/json-path-5.3.2.jar:/Users/josesaidolanogarcia/.m2/repository/org/apache/groovy/groovy-json/4.0.18/groovy-json-4.0.18.jar:/Users/josesaidolanogarcia/.m2/repository/io/rest-assured/rest-assured-common/5.3.2/rest-assured-common-5.3.2.jar:/Users/josesaidolanogarcia/.m2/repository/io/rest-assured/xml-path/5.3.2/xml-path-5.3.2.jar:/Users/josesaidolanogarcia/.m2/repository/org/apache/commons/commons-lang3/3.13.0/commons-lang3-3.13.0.jar:/Users/josesaidolanogarcia/.m2/repository/org/junit/vintage/junit-vintage-engine/5.10.2/junit-vintage-engine-5.10.2.jar:/Users/josesaidolanogarcia/.m2/repository/org/junit/platform/junit-platform-engine/1.10.2/junit-platform-engine-1.10.2.jar:/Users/josesaidolanogarcia/.m2/repository/org/opentest4j/opentest4j/1.3.0/opentest4j-1.3.0.jar:/Users/josesaidolanogarcia/.m2/repository/org/junit/platform/junit-platform-commons/1.10.2/junit-platform-commons-1.10.2.jar:/Users/josesaidolanogarcia/.m2/repository/org/apiguardian/apiguardian-api/1.1.2/apiguardian-api-1.1.2.jar:"/>
    <property name="sun.cpu.endian" value="little"/>
    <property name="user.home" value="/Users/josesaidolanogarcia"/>
    <property name="user.language" value="en"/>
    <property name="java.specification.vendor" value="Oracle Corporation"/>
    <property name="java.version.date" value="2023-07-18"/>
    <property name="java.home" value="/Library/Java/JavaVirtualMachines/jdk-17.jdk/Contents/Home"/>
    <property name="file.separator" value="/"/>
    <property name="basedir" value="/Users/josesaidolanogarcia/REPOSITORIOS/SpringBoot_RestAssured_JUnit4_Demo"/>
    <property name="java.vm.compressedOopsMode" value="Zero based"/>
    <property name="line.separator" value="&#10;"/>
    <property name="java.vm.specification.vendor" value="Oracle Corporation"/>
    <property name="java.specification.name" value="Java Platform API Specification"/>
    <property name="FILE_LOG_CHARSET" value="UTF-8"/>
    <property name="java.awt.headless" value="true"/>
    <property name="surefire.real.class.path" value="/Users/josesaidolanogarcia/REPOSITORIOS/SpringBoot_RestAssured_JUnit4_Demo/target/surefire/surefirebooter-20240823232547173_3.jar"/>
    <property name="sun.management.compiler" value="HotSpot 64-Bit Tiered Compilers"/>
    <property name="ftp.nonProxyHosts" value="local|*.local|169.254/16|*.169.254/16"/>
    <property name="java.runtime.version" value="17.0.8+9-LTS-211"/>
    <property name="user.name" value="josesaidolanogarcia"/>
    <property name="path.separator" value=":"/>
    <property name="os.version" value="14.6.1"/>
    <property name="java.runtime.name" value="Java(TM) SE Runtime Environment"/>
    <property name="file.encoding" value="UTF-8"/>
    <property name="java.vm.name" value="Java HotSpot(TM) 64-Bit Server VM"/>
    <property name="localRepository" value="/Users/josesaidolanogarcia/.m2/repository"/>
    <property name="java.vendor.url.bug" value="https://bugreport.java.com/bugreport/"/>
    <property name="java.io.tmpdir" value="/var/folders/4r/zzqh902x08qck326wpr5zxwc0000gn/T/"/>
    <property name="catalina.home" value="/private/var/folders/4r/zzqh902x08qck326wpr5zxwc0000gn/T/tomcat.0.2248629661583292682"/>
    <property name="com.zaxxer.hikari.pool_number" value="1"/>
    <property name="java.version" value="17.0.8"/>
    <property name="user.dir" value="/Users/josesaidolanogarcia/REPOSITORIOS/SpringBoot_RestAssured_JUnit4_Demo"/>
    <property name="os.arch" value="aarch64"/>
    <property name="java.vm.specification.name" value="Java Virtual Machine Specification"/>
    <property name="PID" value="86427"/>
    <property name="CONSOLE_LOG_CHARSET" value="UTF-8"/>
    <property name="catalina.base" value="/private/var/folders/4r/zzqh902x08qck326wpr5zxwc0000gn/T/tomcat.0.2248629661583292682"/>
    <property name="native.encoding" value="UTF-8"/>
    <property name="java.library.path" value="/Users/josesaidolanogarcia/Library/Java/Extensions:/Library/Java/Extensions:/Network/Library/Java/Extensions:/System/Library/Java/Extensions:/usr/lib/java:."/>
    <property name="java.vm.info" value="mixed mode, sharing"/>
    <property name="java.vendor" value="Oracle Corporation"/>
    <property name="java.vm.version" value="17.0.8+9-LTS-211"/>
    <property name="sun.io.unicode.encoding" value="UnicodeBig"/>
    <property name="socksNonProxyHosts" value="local|*.local|169.254/16|*.169.254/16"/>
    <property name="java.class.version" value="61.0"/>
  </properties>
  <testcase name="listAUser" classname="org.example.SpringbootDemoTests" time="1.606">
    <system-out><![CDATA[23:25:47.745 [main] INFO org.springframework.test.context.support.AnnotationConfigContextLoaderUtils -- Could not detect default configuration classes for test class [org.example.SpringbootDemoTests]: SpringbootDemoTests does not declare any static, non-private, non-final, nested classes annotated with @Configuration.
23:25:47.825 [main] INFO org.springframework.boot.test.context.SpringBootTestContextBootstrapper -- Found @SpringBootConfiguration org.example.SpringBootDemoApplication for test class org.example.SpringbootDemoTests
23:25:47.937 [main] INFO org.springframework.test.context.support.AnnotationConfigContextLoaderUtils -- Could not detect default configuration classes for test class [org.example.SpringbootDemoTests]: SpringbootDemoTests does not declare any static, non-private, non-final, nested classes annotated with @Configuration.
23:25:47.941 [main] INFO org.springframework.boot.test.context.SpringBootTestContextBootstrapper -- Found @SpringBootConfiguration org.example.SpringBootDemoApplication for test class org.example.SpringbootDemoTests
23:25:48.060 [main] INFO org.springframework.boot.devtools.restart.RestartApplicationListener -- Restart disabled due to context in which it is running

  .   ____          _            __ _ _
 /\\ / ___'_ __ _ _(_)_ __  __ _ \ \ \ \
( ( )\___ | '_ | '_| | '_ \/ _` | \ \ \ \
 \\/  ___)| |_)| | | | | || (_| |  ) ) ) )
  '  |____| .__|_| |_|_| |_\__, | / / / /
 =========|_|==============|___/=/_/_/_/
 :: Spring Boot ::                (v3.2.3)

2024-08-23T23:25:48.565-06:00  INFO 86427 --- [           main] org.example.SpringbootDemoTests          : Starting SpringbootDemoTests using Java 17.0.8 with PID 86427 (started by josesaidolanogarcia in /Users/josesaidolanogarcia/REPOSITORIOS/SpringBoot_RestAssured_JUnit4_Demo)
2024-08-23T23:25:48.566-06:00  INFO 86427 --- [           main] org.example.SpringbootDemoTests          : No active profile set, falling back to 1 default profile: "default"
2024-08-23T23:25:49.392-06:00  INFO 86427 --- [           main] .s.d.r.c.RepositoryConfigurationDelegate : Bootstrapping Spring Data JPA repositories in DEFAULT mode.
2024-08-23T23:25:49.422-06:00  INFO 86427 --- [           main] .s.d.r.c.RepositoryConfigurationDelegate : Finished Spring Data repository scanning in 25 ms. Found 1 JPA repository interface.
2024-08-23T23:25:49.804-06:00  INFO 86427 --- [           main] o.s.b.w.embedded.tomcat.TomcatWebServer  : Tomcat initialized with port 0 (http)
2024-08-23T23:25:49.814-06:00  INFO 86427 --- [           main] o.apache.catalina.core.StandardService   : Starting service [Tomcat]
2024-08-23T23:25:49.814-06:00  INFO 86427 --- [           main] o.apache.catalina.core.StandardEngine    : Starting Servlet engine: [Apache Tomcat/10.1.19]
2024-08-23T23:25:49.857-06:00  INFO 86427 --- [           main] o.a.c.c.C.[Tomcat].[localhost].[/]       : Initializing Spring embedded WebApplicationContext
2024-08-23T23:25:49.858-06:00  INFO 86427 --- [           main] w.s.c.ServletWebServerApplicationContext : Root WebApplicationContext: initialization completed in 974 ms
2024-08-23T23:25:49.945-06:00  INFO 86427 --- [           main] com.zaxxer.hikari.HikariDataSource       : HikariPool-1 - Starting...
2024-08-23T23:25:50.105-06:00  INFO 86427 --- [           main] com.zaxxer.hikari.pool.HikariPool        : HikariPool-1 - Added connection conn0: url=jdbc:h2:mem:e209103d-3dc8-4684-914d-951bdfdc12ca user=SA
2024-08-23T23:25:50.106-06:00  INFO 86427 --- [           main] com.zaxxer.hikari.HikariDataSource       : HikariPool-1 - Start completed.
2024-08-23T23:25:50.139-06:00  INFO 86427 --- [           main] o.hibernate.jpa.internal.util.LogHelper  : HHH000204: Processing PersistenceUnitInfo [name: default]
2024-08-23T23:25:50.186-06:00  INFO 86427 --- [           main] org.hibernate.Version                    : HHH000412: Hibernate ORM core version 6.4.4.Final
2024-08-23T23:25:50.210-06:00  INFO 86427 --- [           main] o.h.c.internal.RegionFactoryInitiator    : HHH000026: Second-level cache disabled
2024-08-23T23:25:50.371-06:00  INFO 86427 --- [           main] o.s.o.j.p.SpringPersistenceUnitInfo      : No LoadTimeWeaver setup: ignoring JPA class transformer
2024-08-23T23:25:50.987-06:00  INFO 86427 --- [           main] o.h.e.t.j.p.i.JtaPlatformInitiator       : HHH000489: No JTA platform available (set 'hibernate.transaction.jta.platform' to enable JTA platform integration)
2024-08-23T23:25:51.014-06:00  INFO 86427 --- [           main] j.LocalContainerEntityManagerFactoryBean : Initialized JPA EntityManagerFactory for persistence unit 'default'
2024-08-23T23:25:51.195-06:00  WARN 86427 --- [           main] JpaBaseConfiguration$JpaWebConfiguration : spring.jpa.open-in-view is enabled by default. Therefore, database queries may be performed during view rendering. Explicitly configure spring.jpa.open-in-view to disable this warning
2024-08-23T23:25:51.585-06:00  INFO 86427 --- [           main] o.s.b.w.embedded.tomcat.TomcatWebServer  : Tomcat started on port 56444 (http) with context path ''
2024-08-23T23:25:51.595-06:00  INFO 86427 --- [           main] org.example.SpringbootDemoTests          : Started SpringbootDemoTests in 3.547 seconds (process running for 4.339)
2024-08-23T23:25:52.613-06:00  INFO 86427 --- [o-auto-1-exec-1] o.a.c.c.C.[Tomcat].[localhost].[/]       : Initializing Spring DispatcherServlet 'dispatcherServlet'
2024-08-23T23:25:52.613-06:00  INFO 86427 --- [o-auto-1-exec-1] o.s.web.servlet.DispatcherServlet        : Initializing Servlet 'dispatcherServlet'
2024-08-23T23:25:52.614-06:00  INFO 86427 --- [o-auto-1-exec-1] o.s.web.servlet.DispatcherServlet        : Completed initialization in 1 ms
HTTP/1.1 200 
Content-Type: application/hal+json
Transfer-Encoding: chunked
Date: Sat, 24 Aug 2024 05:25:52 GMT
Keep-Alive: timeout=60
Connection: keep-alive

{
    "id": 30001,
    "name": "David",
    "passportNumber": "C1232268",
    "_links": {
        "all-students": {
            "href": "http://localhost:56444/students"
        }
    }
}
]]></system-out>
  </testcase>
  <testcase name="listUsers" classname="org.example.SpringbootDemoTests" time="0.162"/>
  <testcase name="deleteAUser" classname="org.example.SpringbootDemoTests" time="0.051">
    <system-out><![CDATA[HTTP/1.1 200 
Content-Length: 0
Date: Sat, 24 Aug 2024 05:25:52 GMT
Keep-Alive: timeout=60
Connection: keep-alive
HTTP/1.1 404 
Content-Type: application/json
Transfer-Encoding: chunked
Date: Sat, 24 Aug 2024 05:25:52 GMT
Keep-Alive: timeout=60
Connection: keep-alive

{
    "timestamp": "2024-08-24T05:25:53.417+00:00",
    "status": 404,
    "error": "Not Found",
    "path": "/students/10003"
}
]]></system-out>
  </testcase>
  <testcase name="updateAUser" classname="org.example.SpringbootDemoTests" time="0.122">
    <system-out><![CDATA[HTTP/1.1 204 
Date: Sat, 24 Aug 2024 05:25:52 GMT
Keep-Alive: timeout=60
Connection: keep-alive
HTTP/1.1 200 
Content-Type: application/hal+json
Transfer-Encoding: chunked
Date: Sat, 24 Aug 2024 05:25:52 GMT
Keep-Alive: timeout=60
Connection: keep-alive

{
    "id": 20001,
    "name": "John",
    "passportNumber": "YYYY1234",
    "_links": {
        "all-students": {
            "href": "http://localhost:56444/students"
        }
    }
}
]]></system-out>
  </testcase>
  <testcase name="createAUser" classname="org.example.SpringbootDemoTests" time="0.063">
    <system-out><![CDATA[HTTP/1.1 201 
Location: http://localhost:56444/students/1
Content-Length: 0
Date: Sat, 24 Aug 2024 05:25:52 GMT
Keep-Alive: timeout=60
Connection: keep-alive
HTTP/1.1 200 
Content-Type: application/hal+json
Transfer-Encoding: chunked
Date: Sat, 24 Aug 2024 05:25:52 GMT
Keep-Alive: timeout=60
Connection: keep-alive

{
    "id": 1,
    "name": "Timmy",
    "passportNumber": "ZZZ12345",
    "_links": {
        "all-students": {
            "href": "http://localhost:56444/students"
        }
    }
}
]]></system-out>
  </testcase>
</testsuite>